[INFO ] 2023-01-14 11:12:23.979 [main] AlgoTech - Url opened
[INFO ] 2023-01-14 11:12:26.058 [main] AlgoTech - Clicked on sign in link
[INFO ] 2023-01-14 11:12:27.702 [main] AlgoTech - entered XLSX email address
[INFO ] 2023-01-14 11:12:28.306 [main] AlgoTech - Entered XLSX password
[INFO ] 2023-01-14 11:12:40.854 [main] AlgoTech - User logged out successfully
[INFO ] 2023-01-14 11:12:40.860 [main] AlgoTech - Test passed successfully
[INFO ] 2023-01-14 11:12:46.431 [main] AlgoTech - Url opened
[INFO ] 2023-01-14 11:12:48.842 [main] AlgoTech - Clicked on sign in link
[INFO ] 2023-01-14 11:12:50.011 [main] AlgoTech - entered XLSX email address
[INFO ] 2023-01-14 11:12:50.397 [main] AlgoTech - Entered XLSX password
[INFO ] 2023-01-17 16:47:56.388 [main] AlgoTech - Url opened
[INFO ] 2023-01-17 16:48:08.004 [main] AlgoTech - Clicked on sign in link
[INFO ] 2023-01-17 16:48:08.652 [main] AlgoTech - entered XLSX email address
[INFO ] 2023-01-17 16:48:08.987 [main] AlgoTech - Entered XLSX password
[INFO ] 2023-01-17 16:48:30.309 [main] AlgoTech - User logged out successfully
[INFO ] 2023-01-17 16:48:30.319 [main] AlgoTech - Test passed successfully
[INFO ] 2023-01-17 16:48:38.344 [main] AlgoTech - Url opened
[INFO ] 2023-01-17 16:48:42.155 [main] AlgoTech - Clicked on sign in link
[INFO ] 2023-01-17 16:48:42.491 [main] AlgoTech - entered XLSX email address
[INFO ] 2023-01-17 16:48:42.709 [main] AlgoTech - Entered XLSX password
[INFO ] 2023-01-17 16:54:00.065 [main] AlgoTech - Url opened
[INFO ] 2023-01-17 16:54:05.658 [main] AlgoTech - Clicked on sign in link
[INFO ] 2023-01-17 16:54:06.427 [main] AlgoTech - entered XLSX email address
[INFO ] 2023-01-17 16:54:07.102 [main] AlgoTech - Entered XLSX password
[INFO ] 2023-01-17 16:54:29.150 [main] AlgoTech - User logged out successfully
[INFO ] 2023-01-17 16:54:29.161 [main] AlgoTech - Test passed successfully
[INFO ] 2023-01-17 16:54:35.467 [main] AlgoTech - Url opened
[INFO ] 2023-01-17 16:54:40.767 [main] AlgoTech - Clicked on sign in link
[INFO ] 2023-01-17 16:54:41.496 [main] AlgoTech - entered XLSX email address
[INFO ] 2023-01-17 16:54:41.785 [main] AlgoTech - Entered XLSX password
[INFO ] 2023-01-17 17:03:27.440 [main] AlgoTech - Url opened
[INFO ] 2023-01-17 17:03:47.656 [main] AlgoTech - Clicked on sign in link
[INFO ] 2023-01-17 17:03:48.149 [main] AlgoTech - entered XLSX email address
[INFO ] 2023-01-17 17:03:48.498 [main] AlgoTech - Entered XLSX password
[INFO ] 2023-01-17 17:04:01.343 [main] AlgoTech - User logged out successfully
[INFO ] 2023-01-17 17:04:01.358 [main] AlgoTech - Test passed successfully
[INFO ] 2023-01-17 17:04:08.880 [main] AlgoTech - Url opened
[INFO ] 2023-01-17 17:04:12.935 [main] AlgoTech - Clicked on sign in link
[INFO ] 2023-01-17 17:04:13.252 [main] AlgoTech - entered XLSX email address
[INFO ] 2023-01-17 17:04:13.678 [main] AlgoTech - Entered XLSX password
[INFO ] 2023-01-17 17:12:25.004 [main] AlgoTech - Url opened
[INFO ] 2023-01-17 17:12:40.265 [main] AlgoTech - Clicked on sign in link
[INFO ] 2023-01-17 17:12:41.164 [main] AlgoTech - entered XLSX email address
[INFO ] 2023-01-17 17:12:41.619 [main] AlgoTech - Entered XLSX password
[INFO ] 2023-01-17 17:12:54.627 [main] AlgoTech - User logged out successfully
[INFO ] 2023-01-17 17:12:54.646 [main] AlgoTech - Test passed successfully
[INFO ] 2023-01-17 17:13:06.936 [main] AlgoTech - Url opened
[INFO ] 2023-01-17 17:13:10.739 [main] AlgoTech - Clicked on sign in link
[INFO ] 2023-01-17 17:13:11.028 [main] AlgoTech - entered XLSX email address
[INFO ] 2023-01-17 17:13:11.284 [main] AlgoTech - Entered XLSX password
